<?xml version="1.0" encoding="UTF-8"?>
<!-- Generated by org.testng.reporters.JUnitReportReporter -->
<testsuite hostname="DESKTOP-0JIPILE" failures="0" tests="4" name="test.cross" time="42.184" errors="0" timestamp="2023-02-27T15:47:19 IST" skipped="0">
  <testcase classname="test.cross" name="teardown" time="3.054"/>
  <system-out/>
  <testcase classname="test.cross" name="init" time="14.080"/>
  <system-out/>
  <testcase classname="test.cross" name="init" time="22.320"/>
  <system-out/>
  <testcase classname="test.cross" name="teardown" time="2.730"/>
  <system-out/>
</testsuite> <!-- test.cross -->
