<?xml version="1.0" encoding="UTF-8"?>
<!-- Generated by org.testng.reporters.JUnitReportReporter -->
<testsuite hostname="DESKTOP-0JIPILE" failures="0" tests="1" name="test.test3" time="0.003" errors="0" timestamp="2023-02-27T16:21:05 IST" skipped="0">
  <testcase classname="test.test3" name="window" time="0.003"/>
  <system-out/>
</testsuite> <!-- test.test3 -->
