<?xml version="1.0" encoding="UTF-8"?>
<!-- Generated by org.testng.reporters.JUnitReportReporter -->
<testsuite hostname="DESKTOP-0JIPILE" failures="0" tests="1" name="test.factory" time="0.013" errors="0" timestamp="2023-02-27T16:27:26 IST" skipped="0">
  <testcase classname="test.factory" name="Factory" time="0.013"/>
  <system-out/>
</testsuite> <!-- test.factory -->
