<?xml version="1.0" encoding="UTF-8"?>
<!-- Generated by org.testng.reporters.JUnitReportReporter -->
<testsuite hostname="DESKTOP-0JIPILE" failures="0" tests="2" name="test.test1" time="0.019" errors="0" timestamp="2023-02-27T16:21:05 IST" skipped="0">
  <testcase classname="test.test1" name="registration" time="0.015"/>
  <system-out/>
  <testcase classname="test.test1" name="login" time="0.004"/>
  <system-out/>
</testsuite> <!-- test.test1 -->
