<?xml version="1.0" encoding="UTF-8"?>
<!-- Generated by org.testng.reporters.JUnitReportReporter -->
<testsuite hostname="DESKTOP-0JIPILE" failures="0" tests="1" name="testcases.myfirsttest" time="0.000" errors="0" timestamp="2023-02-15T11:05:25 IST" skipped="1">
  <testcase classname="testcases.myfirsttest" name="loginTest" time="0.000">
    <skipped/>
  </testcase> <!-- loginTest -->
  <system-out/>
</testsuite> <!-- testcases.myfirsttest -->
